<?xml version="1.0" encoding="UTF-8"?>
<testsuite xmlns:xsi="http://www.w3.org/2001/XMLSchema-instance" xsi:noNamespaceSchemaLocation="https://maven.apache.org/surefire/maven-surefire-plugin/xsd/surefire-test-report.xsd" name="TestSuite" time="110.581" tests="3" errors="0" skipped="0" failures="0">
  <properties>
[...]
</properties>
  <testcase name="MouseHovering" classname="com.test.WebElementList" time="2.332"/>
  <testcase name="DropDown" classname="com.test.WebElementList" time="0.587"/>
  <testcase name="test2087" classname="Excersises.MAPS1" time="76.83"/>
</testsuite>