<?xml version="1.0" encoding="UTF-8"?>
<!-- Generated by org.testng.reporters.JUnitXMLReporter -->
<testsuite ignored="0" hostname="2JVR353" failures="0" tests="3" name="Test" time="110.16" errors="0" timestamp="2024-07-13T15:39:58 CDT">
  <testcase classname="com.test.WebElementList" name="MouseHovering" time="2.331"/>
  <testcase classname="com.test.WebElementList" name="DropDown" time="0.586"/>
  <testcase classname="Excersises.MAPS1" name="test2087" time="76.83"/>
</testsuite> <!-- Test -->
