<?xml version="1.0" encoding="UTF-8"?>
<testng-results ignored="0" total="1" passed="1" failed="0" skipped="0">
  <reporter-output>
  </reporter-output>
  <suite started-at="2024-07-27T00:06:19 CDT" name="Default suite" finished-at="2024-07-27T00:06:21 CDT" duration-ms="1117">
    <groups>
    </groups>
    <test started-at="2024-07-27T00:06:19 CDT" name="Default test" finished-at="2024-07-27T00:06:21 CDT" duration-ms="1117">
      <class name="com.ExcelData.ReadDataExcel">
        <test-method signature="readDataExcel()[pri:0, instance:com.ExcelData.ReadDataExcel@55183b20]" started-at="2024-07-27T00:06:19 CDT" name="readDataExcel" finished-at="2024-07-27T00:06:21 CDT" duration-ms="1055" status="PASS">
          <reporter-output>
          </reporter-output>
        </test-method> <!-- readDataExcel -->
      </class> <!-- com.ExcelData.ReadDataExcel -->
    </test> <!-- Default test -->
  </suite> <!-- Default suite -->
</testng-results>
