<?xml version="1.0" encoding="UTF-8"?>
<testng-results ignored="0" total="1" passed="1" failed="0" skipped="0">
  <reporter-output>
  </reporter-output>
  <suite started-at="2024-07-26T22:38:28 CDT" name="Default suite" finished-at="2024-07-26T22:38:30 CDT" duration-ms="1205">
    <groups>
    </groups>
    <test started-at="2024-07-26T22:38:28 CDT" name="Default test" finished-at="2024-07-26T22:38:30 CDT" duration-ms="1205">
      <class name="com.ExcelData.ReadExcelData">
        <test-method signature="readExcelData()[pri:0, instance:com.ExcelData.ReadExcelData@55183b20]" started-at="2024-07-26T22:38:28 CDT" name="readExcelData" finished-at="2024-07-26T22:38:30 CDT" duration-ms="1129" status="PASS">
          <reporter-output>
          </reporter-output>
        </test-method> <!-- readExcelData -->
      </class> <!-- com.ExcelData.ReadExcelData -->
    </test> <!-- Default test -->
  </suite> <!-- Default suite -->
</testng-results>
